2018-08-21 10:04:59 | init: TMainModule.create()
2018-08-21 10:04:59 | init: handle request: mod=main
2018-08-21 10:05:05 | init: TDaftarsuratModule.create()
2018-08-21 10:05:05 | init: handle request: mod=daftarsurat
2018-08-21 10:07:25 | init: TDaftarsuratModule.create()
2018-08-21 10:07:25 | init: handle request: mod=daftarsurat
2018-08-21 10:07:27 | init: TDaftarsuratModule.create()
2018-08-21 10:07:27 | init: handle request: mod=daftarsurat
2018-08-21 10:07:43 | init: TDaftarsuratModule.create()
2018-08-21 10:07:43 | init: handle request: mod=daftarsurat
2018-08-21 10:08:53 | init: TDaftarsuratModule.create()
2018-08-21 10:08:53 | init: handle request: mod=daftarsurat
2018-08-21 10:09:32 | init: TDaftarsuratModule.create()
2018-08-21 10:09:32 | init: handle request: mod=daftarsurat
2018-08-21 10:10:03 | init: TDaftarsuratModule.create()
2018-08-21 10:10:03 | init: handle request: mod=daftarsurat
2018-08-21 10:10:07 | init: TDaftarsuratModule.create()
2018-08-21 10:10:07 | init: handle request: mod=daftarsurat
2018-08-21 10:10:09 | init: TDaftarsuratModule.create()
2018-08-21 10:10:09 | init: handle request: mod=daftarsurat
2018-08-21 10:10:14 | init: TDaftarsuratModule.create()
2018-08-21 10:10:14 | init: handle request: mod=daftarsurat
2018-08-21 10:11:05 | init: TDaftarsuratModule.create()
2018-08-21 10:11:05 | init: handle request: mod=daftarsurat
2018-08-21 10:12:37 | init: TDaftarsuratModule.create()
2018-08-21 10:12:37 | init: handle request: mod=daftarsurat
2018-08-21 10:12:46 | init: TDaftarsuratModule.create()
2018-08-21 10:12:46 | init: handle request: mod=daftarsurat
2018-08-21 10:15:54 | init: TDaftarsuratModule.create()
2018-08-21 10:15:54 | init: handle request: mod=daftarsurat
2018-08-21 10:15:58 | init: TDaftarsuratModule.create()
2018-08-21 10:15:58 | init: handle request: mod=daftarsurat
2018-08-21 10:18:28 | init: TDaftarsuratModule.create()
2018-08-21 10:18:28 | init: handle request: mod=daftarsurat
2018-08-21 10:20:02 | init: TDaftarsuratModule.create()
2018-08-21 10:20:02 | init: handle request: mod=daftarsurat
2018-08-21 10:20:04 | init: TDaftarsuratModule.create()
2018-08-21 10:20:04 | init: handle request: mod=daftarsurat
2018-08-21 10:20:58 | init: TDaftarsuratModule.create()
2018-08-21 10:20:58 | init: handle request: mod=daftarsurat
2018-08-21 10:28:13 | init: TDaftarsuratModule.create()
2018-08-21 10:28:13 | init: handle request: mod=daftarsurat
2018-08-21 10:28:16 | init: TDaftarsuratModule.create()
2018-08-21 10:28:16 | init: handle request: mod=daftarsurat
2018-08-21 10:28:58 | init: TDaftarsuratModule.create()
2018-08-21 10:28:58 | init: handle request: mod=daftarsurat
2018-08-21 10:29:01 | init: TDaftarsuratModule.create()
2018-08-21 10:29:01 | init: handle request: mod=daftarsurat
2018-08-21 10:29:12 | init: TDaftarsuratModule.create()
2018-08-21 10:29:12 | init: handle request: mod=daftarsurat
2018-08-21 10:30:06 | init: TDaftarsuratModule.create()
2018-08-21 10:30:06 | init: handle request: mod=daftarsurat
2018-08-21 10:33:00 | init: TDaftarsuratModule.create()
2018-08-21 10:33:00 | init: handle request: mod=daftarsurat
2018-08-21 10:35:22 | init: TDaftarsuratModule.create()
2018-08-21 10:35:22 | init: handle request: mod=daftarsurat
2018-08-21 10:39:08 | init: TSuratModule.create()
2018-08-21 10:39:08 | init: handle request: mod=surat
2018-08-21 10:39:27 | init: TSuratModule.create()
2018-08-21 10:39:27 | init: handle request: mod=surat
2018-08-21 10:39:31 | init: TSuratModule.create()
2018-08-21 10:39:31 | init: handle request: mod=surat
2018-08-21 10:39:32 | init: TSuratModule.create()
2018-08-21 10:39:32 | init: handle request: mod=surat
2018-08-21 10:39:41 | init: TSuratModule.create()
2018-08-21 10:39:41 | init: handle request: mod=surat
2018-08-21 10:54:24 | init: TDaftarsuratModule.create()
2018-08-21 10:54:24 | init: handle request: mod=daftarsurat
2018-08-21 10:59:11 | init: TDaftarsuratModule.create()
2018-08-21 10:59:11 | init: handle request: mod=daftarsurat
2018-08-21 10:59:22 | init: TSuratModule.create()
2018-08-21 10:59:22 | init: handle request: mod=surat
2018-08-21 11:14:58 | init: TSuratModule.create()
2018-08-21 11:14:58 | init: handle request: mod=_0_9_surat_
2018-08-21 11:15:07 | init: TSuratModule.create()
2018-08-21 11:15:07 | init: handle request: mod=_0_9_surat_
2018-08-21 11:15:58 | init: TSuratModule.create()
2018-08-21 11:15:58 | init: handle request: mod=_0_9_surat_
2018-08-21 11:16:05 | init: TSuratModule.create()
2018-08-21 11:16:05 | init: handle request: mod=_0_9_surat_
2018-08-21 11:18:35 | init: TSuratModule.create()
2018-08-21 11:18:35 | init: handle request: mod=_0_9_surat_
2018-08-21 11:18:42 | init: TSuratModule.create()
2018-08-21 11:18:42 | init: handle request: mod=_0_9_surat_
2018-08-21 11:31:02 | init: TSuratModule.create()
2018-08-21 11:31:02 | init: handle request: mod=_0_9_surat_
2018-08-21 11:31:20 | init: TSuratModule.create()
2018-08-21 11:31:20 | init: handle request: mod=_0_9_surat_
2018-08-21 11:32:12 | init: TSuratModule.create()
2018-08-21 11:32:12 | init: handle request: mod=_0_9_surat_
2018-08-21 11:38:03 | init: TSuratModule.create()
2018-08-21 11:38:03 | init: handle request: mod=_0_9_surat_
2018-08-21 11:38:03 | DB: TMySQL50Connection : Error executing query: Unknown column 'Quranindonesia.AyahText' in 'field list'
2018-08-21 11:38:03 | DB: SELECT Quran.AyahText as ayatText,Quranindonesia.AyahText as terjemahText,VerseID as ayat
FROM quran
WHERE SuraID = 100

2018-08-21 11:38:53 | init: TSuratModule.create()
2018-08-21 11:38:53 | init: handle request: mod=_0_9_surat_
2018-08-21 11:38:53 | DB: TMySQL50Connection : Error executing query: Unknown column 'Quranindonesia.AyahText' in 'field list'
2018-08-21 11:38:53 | DB: SELECT Quran.AyahText as ayatText,Quranindonesia.AyahText as terjemahText,VerseID as ayat
FROM quran
WHERE SuraID = 100

2018-08-21 11:38:56 | init: TSuratModule.create()
2018-08-21 11:38:56 | init: handle request: mod=_0_9_surat_
2018-08-21 11:38:56 | DB: TMySQL50Connection : Error executing query: Unknown column 'Quranindonesia.AyahText' in 'field list'
2018-08-21 11:38:56 | DB: SELECT Quran.AyahText as ayatText,Quranindonesia.AyahText as terjemahText,VerseID as ayat
FROM quran
WHERE SuraID = 100

2018-08-21 11:47:36 | init: TSuratModule.create()
2018-08-21 11:47:36 | init: handle request: mod=_0_9_surat_
2018-08-21 11:47:36 | DB: TMySQL50Connection : Error executing query: Unknown column 'Quranindonesia.AyahText' in 'field list'
2018-08-21 11:47:36 | DB: SELECT Quran.AyahText as ayatText,Quranindonesia.AyahText as terjemahText,VerseID as ayat
FROM quran
WHERE SuraID = 100

2018-08-21 11:48:00 | init: TSuratModule.create()
2018-08-21 11:48:00 | init: handle request: mod=_0_9_surat_
2018-08-21 11:48:22 | init: TSuratModule.create()
2018-08-21 11:48:22 | init: handle request: mod=_0_9_surat_
2018-08-21 11:48:54 | init: TDaftarsuratModule.create()
2018-08-21 11:48:54 | init: handle request: mod=daftarsurat
2018-08-21 11:49:04 | init: TDaftarsuratModule.create()
2018-08-21 11:49:04 | init: handle request: mod=daftarsurat
2018-08-21 11:49:22 | init: TSuratModule.create()
2018-08-21 11:49:22 | init: handle request: mod=_0_9_surat_
2018-08-21 11:49:59 | init: TSuratModule.create()
2018-08-21 11:49:59 | init: handle request: mod=_0_9_surat_
2018-08-21 11:50:01 | init: TSuratModule.create()
2018-08-21 11:50:01 | init: handle request: mod=_0_9_surat_
2018-08-21 11:50:18 | init: TSuratModule.create()
2018-08-21 11:50:18 | init: handle request: mod=_0_9_surat_
2018-08-21 11:57:06 | init: TSuratModule.create()
2018-08-21 11:57:06 | init: handle request: mod=_0_9_surat_
2018-08-21 11:57:14 | init: TSuratModule.create()
2018-08-21 11:57:14 | init: handle request: mod=_0_9_surat_
2018-08-21 11:58:31 | init: TSuratModule.create()
2018-08-21 11:58:31 | init: handle request: mod=_0_9_surat_
2018-08-21 11:58:34 | init: TSuratModule.create()
2018-08-21 11:58:34 | init: handle request: mod=_0_9_surat_
2018-08-21 11:59:10 | init: TSuratModule.create()
2018-08-21 11:59:10 | init: handle request: mod=_0_9_surat_
2018-08-21 11:59:45 | init: TSuratModule.create()
2018-08-21 11:59:45 | init: handle request: mod=_0_9_surat_
2018-08-21 11:59:45 | DB: TMySQL50Connection : Error executing query: Unknown column 'Quranindonesia.AyahText' in 'field list'
2018-08-21 11:59:45 | DB: SELECT AyahText as AyatText,Quranindonesia.AyahText as Terjemahan ,VerseID as Ayat
FROM quran
WHERE SuraID = 114

2018-08-21 13:19:16 | init: TSuratModule.create()
2018-08-21 13:19:16 | init: handle request: mod=_0_9_surat_
2018-08-21 13:19:16 | DB: TMySQL50Connection : Error executing query: You have an error in your SQL syntax; check the manual that corresponds to your MariaDB server version for the right syntax to use near 'FROM quran
WHERE Quran,SuraID = 114' at line 2
2018-08-21 13:19:16 | DB: SELECT 
FROM quran
WHERE Quran,SuraID = 114

2018-08-21 13:20:03 | init: TSuratModule.create()
2018-08-21 13:20:03 | init: handle request: mod=_0_9_surat_
2018-08-21 13:20:03 | DB: TMySQL50Connection : Error executing query: You have an error in your SQL syntax; check the manual that corresponds to your MariaDB server version for the right syntax to use near 'SuraID = 114' at line 1
2018-08-21 13:20:03 | DB: Select AyahText as AyatText,Quranindonesia.AyahText as Terjemahan ,VerseID as Ayat  from Quran  inner Join QuranIndonesia on Quran.suraID=QuranIndonesia.suraID and  Quran.verseID=QuranIndonesia.verseID where Quran,SuraID = 114

2018-08-21 13:20:27 | init: TSuratModule.create()
2018-08-21 13:20:27 | init: handle request: mod=_0_9_surat_
2018-08-21 13:20:27 | DB: TMySQL50Connection : Error executing query: Column 'AyahText' in field list is ambiguous
2018-08-21 13:20:27 | DB: Select AyahText as AyatText,Quranindonesia.AyahText as Terjemahan ,VerseID as Ayat  from Quran  inner Join QuranIndonesia on Quran.suraID=QuranIndonesia.suraID and  Quran.verseID=QuranIndonesia.verseID where Quran.SuraID = 114

2018-08-21 13:20:45 | init: TSuratModule.create()
2018-08-21 13:20:45 | init: handle request: mod=_0_9_surat_
2018-08-21 13:20:45 | DB: TMySQL50Connection : Error executing query: Column 'VerseID' in field list is ambiguous
2018-08-21 13:20:45 | DB: Select Quran.AyahText as AyatText,Quranindonesia.AyahText as Terjemahan ,VerseID as Ayat  from Quran  inner Join QuranIndonesia on Quran.suraID=QuranIndonesia.suraID and  Quran.verseID=QuranIndonesia.verseID where Quran.SuraID = 114

2018-08-21 13:21:02 | init: TSuratModule.create()
2018-08-21 13:21:02 | init: handle request: mod=_0_9_surat_
2018-08-21 13:22:05 | init: TSuratModule.create()
2018-08-21 13:22:05 | init: handle request: mod=_0_9_surat_
2018-08-21 13:26:48 | init: TSuratModule.create()
2018-08-21 13:26:48 | init: handle request: mod=_0_9_surat_
2018-08-21 13:27:08 | init: TSuratModule.create()
2018-08-21 13:27:08 | init: handle request: mod=_0_9_surat_
2018-08-21 13:27:33 | init: TSuratModule.create()
2018-08-21 13:27:33 | init: handle request: mod=_0_9_surat_
2018-08-21 13:27:38 | init: TSuratModule.create()
2018-08-21 13:27:38 | init: handle request: mod=_0_9_surat_
2018-08-21 13:27:53 | init: TSuratModule.create()
2018-08-21 13:27:53 | init: handle request: mod=_0_9_surat_
2018-08-21 13:30:40 | init: TSuratModule.create()
2018-08-21 13:30:40 | init: handle request: mod=_0_9_surat
2018-08-21 13:30:42 | init: TSuratModule.create()
2018-08-21 13:30:42 | init: handle request: mod=_0_9_surat
2018-08-21 13:30:46 | init: TSuratModule.create()
2018-08-21 13:30:46 | init: handle request: mod=_0_9_surat
2018-08-21 13:31:07 | init: TDaftarsuratModule.create()
2018-08-21 13:31:07 | init: handle request: mod=daftarsurat
2018-08-21 13:38:15 | init: TSuratModule.create()
2018-08-21 13:38:15 | init: handle request: mod=_0_9_surat
2018-08-21 13:41:31 | init: TSuratModule.create()
2018-08-21 13:41:31 | init: handle request: mod=_0_9_surat
2018-08-21 13:41:31 | DB: TMySQL50Connection : Error executing query: You have an error in your SQL syntax; check the manual that corresponds to your MariaDB server version for the right syntax to use near ''http://www.everyayah.com/data/Abdurrahmaan_As-Sudais_192kbps/''.mp3 '   from Qu' at line 1
2018-08-21 13:41:31 | DB: Select Quran.AyahText as AyatText,Quranindonesia.AyahText as Terjemahan ,Quran.VerseID as Ayat   'http://www.everyayah.com/data/Abdurrahmaan_As-Sudais_192kbps/''.mp3 '   from Quran  inner Join QuranIndonesia on Quran.ID=QuranIndonesia.ID  where Quran.SuraID = 12

2018-08-21 13:43:52 | init: TSuratModule.create()
2018-08-21 13:43:52 | init: handle request: mod=_0_9_surat
2018-08-21 13:43:53 | DB: TMySQL50Connection : Error executing query: You have an error in your SQL syntax; check the manual that corresponds to your MariaDB server version for the right syntax to use near 'concatenate('http://www.everyayah.com/data/Abdurrahmaan_As-Sudais_192kbps/',lpad' at line 1
2018-08-21 13:43:53 | DB: Select Quran.AyahText as AyatText,Quranindonesia.AyahText as Terjemahan ,Quran.VerseID as Ayat   concatenate('http://www.everyayah.com/data/Abdurrahmaan_As-Sudais_192kbps/',lpad(Quran.VerseID,'0',3),lpad(Quran.SurahID,'0',3) ,'.mp3 ')   from Quran  inner Join QuranIndonesia on Quran.ID=QuranIndonesia.ID  where Quran.SuraID = 12

2018-08-21 13:44:15 | init: TSuratModule.create()
2018-08-21 13:44:15 | init: handle request: mod=_0_9_surat
2018-08-21 13:44:15 | DB: TMySQL50Connection : Error executing query: Unknown column 'Quran.SurahID' in 'field list'
2018-08-21 13:44:15 | DB: Select Quran.AyahText as AyatText,Quranindonesia.AyahText as Terjemahan ,Quran.VerseID as Ayat   ,concat('http://www.everyayah.com/data/Abdurrahmaan_As-Sudais_192kbps/',lpad(Quran.VerseID,'0',3),lpad(Quran.SurahID,'0',3) ,'.mp3 ')   from Quran  inner Join QuranIndonesia on Quran.ID=QuranIndonesia.ID  where Quran.SuraID = 12

2018-08-21 13:44:42 | init: TSuratModule.create()
2018-08-21 13:44:42 | init: handle request: mod=_0_9_surat
2018-08-21 13:45:26 | init: TSuratModule.create()
2018-08-21 13:45:26 | init: handle request: mod=_0_9_surat
2018-08-21 13:45:53 | init: TSuratModule.create()
2018-08-21 13:45:53 | init: handle request: mod=_0_9_surat
