2018-08-20 16:11:51 | exception: TCGIApplication: No REQUEST_METHOD passed from server.
2018-08-20 16:12:10 | init: TMainModule.create()
2018-08-20 16:12:10 | init: handle request: mod=main
2018-08-20 16:12:31 | exception: TCGIApplication: No REQUEST_METHOD passed from server.
2018-08-20 16:12:35 | init: TMainModule.create()
2018-08-20 16:12:35 | init: handle request: mod=main
2018-08-20 16:12:51 | init: TMainModule.create()
2018-08-20 16:12:51 | init: handle request: mod=main
2018-08-20 16:14:00 | exception: TCGIApplication: No REQUEST_METHOD passed from server.
2018-08-20 16:14:06 | init: TMainModule.create()
2018-08-20 16:14:06 | init: handle request: mod=main
2018-08-20 16:14:40 | init: TMainModule.create()
2018-08-20 16:14:40 | init: handle request: mod=main
2018-08-20 16:15:23 | init: TMainModule.create()
2018-08-20 16:15:23 | init: handle request: mod=main
2018-08-20 16:25:34 | exception: TCGIApplication: No REQUEST_METHOD passed from server.
2018-08-20 16:28:05 | init: TMainModule.create()
2018-08-20 16:28:05 | init: handle request: mod=main
2018-08-20 16:28:32 | init: TMainModule.create()
2018-08-20 16:28:32 | init: handle request: mod=main
2018-08-20 16:29:52 | init: TMainModule.create()
2018-08-20 16:29:52 | init: handle request: mod=main
2018-08-20 16:31:17 | init: TMainModule.create()
2018-08-20 16:31:17 | init: handle request: mod=main
2018-08-20 16:32:59 | init: TMainModule.create()
2018-08-20 16:32:59 | init: handle request: mod=main
2018-08-20 16:33:36 | init: TMainModule.create()
2018-08-20 16:33:36 | init: handle request: mod=main
2018-08-20 16:33:46 | init: TMainModule.create()
2018-08-20 16:33:46 | init: handle request: mod=main
2018-08-20 16:34:03 | init: TMainModule.create()
2018-08-20 16:34:03 | init: handle request: mod=main
2018-08-20 16:34:53 | init: TMainModule.create()
2018-08-20 16:34:53 | init: handle request: mod=main
2018-08-20 16:36:40 | init: TMainModule.create()
2018-08-20 16:36:40 | init: handle request: mod=main
2018-08-20 16:36:42 | init: TMainModule.create()
2018-08-20 16:36:42 | init: handle request: mod=main
2018-08-20 16:36:48 | init: TMainModule.create()
2018-08-20 16:36:48 | init: handle request: mod=main
2018-08-20 16:46:35 | init: TMainModule.create()
2018-08-20 16:46:35 | init: handle request: mod=main
2018-08-20 17:02:43 | init: TDaftarsuratModule.create()
2018-08-20 17:02:43 | init: handle request: mod=daftarsurat
2018-08-20 17:06:44 | init: TDaftarsuratModule.create()
2018-08-20 17:06:44 | init: handle request: mod=daftarsurat
2018-08-20 17:06:46 | init: TMainModule.create()
2018-08-20 17:06:46 | init: handle request: mod=main
2018-08-20 17:08:01 | init: TMainModule.create()
2018-08-20 17:08:01 | init: handle request: mod=main
2018-08-20 17:08:11 | init: TDaftarsuratModule.create()
2018-08-20 17:08:11 | init: handle request: mod=daftarsurat
